<?xml version="1.0" encoding="UTF-8"?>
<!-- Generated by org.testng.reporters.JUnitReportReporter -->
<testsuite hostname="DESKTOP-2FH2PGA" failures="0" tests="1" name="Reports.extreprt" time="0.761" errors="0" timestamp="2023-05-27T15:48:08 IST" skipped="0">
  <testcase classname="Reports.extreprt" name="test1" time="0.761"/>
  <system-out/>
</testsuite> <!-- Reports.extreprt -->
